2025-09-04 19:49:36.987 [main] DEBUG io.ktor.server.Application - Java Home: /Library/Java/JavaVirtualMachines/temurin-21.jdk/Contents
2025-09-04 19:49:36.987 [main] DEBUG io.ktor.server.Application - Class Loader: jdk.internal.loader.ClassLoaders$AppClassLoader@2c854dc5: [file:/Users/shaka/StudioProjects/kmp-multimodule-sample/kobweb-site/.kobweb/server/server.jar!/okio]
2025-09-04 19:49:36.998 [main] DEBUG io.ktor.server.Application - Failed to load module 'com.varabyte.kobweb.server.ApplicationKt$main$engine$1.invoke' by classpath reference, falling back to currently loaded value
io.ktor.server.engine.internal.ReloadingException: Module function cannot be found for the fully qualified name 'com.varabyte.kobweb.server.ApplicationKt$main$engine$1.invoke'
	at io.ktor.server.engine.internal.CallableUtilsKt.executeModuleFunction(CallableUtils.kt:68)
	at io.ktor.server.engine.EmbeddedServer$launchModuleByName$2.invokeSuspend(EmbeddedServerJvm.kt:443)
	at io.ktor.server.engine.EmbeddedServer$launchModuleByName$2.invoke(EmbeddedServerJvm.kt)
	at io.ktor.server.engine.EmbeddedServer$launchModuleByName$2.invoke(EmbeddedServerJvm.kt)
	at io.ktor.server.engine.EmbeddedServer.avoidingDoubleStartupFor(EmbeddedServerJvm.kt:469)
	at io.ktor.server.engine.EmbeddedServer.launchModuleByName(EmbeddedServerJvm.kt:442)
	at io.ktor.server.engine.EmbeddedServer.access$launchModuleByName(EmbeddedServerJvm.kt:33)
	at io.ktor.server.engine.EmbeddedServer$toDynamicModuleOrNull$1.invokeSuspend(EmbeddedServerJvm.kt:425)
	at io.ktor.server.engine.EmbeddedServer$toDynamicModuleOrNull$1.invoke(EmbeddedServerJvm.kt)
	at io.ktor.server.engine.EmbeddedServer$toDynamicModuleOrNull$1.invoke(EmbeddedServerJvm.kt)
	at io.ktor.server.application.ApplicationModules_jvmKt$LoadSequentially$1.loadModules(ApplicationModules.jvm.kt:75)
	at io.ktor.server.engine.EmbeddedServer$instantiateAndConfigureApplication$1$1.invokeSuspend(EmbeddedServerJvm.kt:385)
	at io.ktor.server.engine.EmbeddedServer$instantiateAndConfigureApplication$1$1.invoke(EmbeddedServerJvm.kt)
	at io.ktor.server.engine.EmbeddedServer$instantiateAndConfigureApplication$1$1.invoke(EmbeddedServerJvm.kt)
	at kotlinx.coroutines.intrinsics.UndispatchedKt.startUndspatched(Undispatched.kt:66)
	at kotlinx.coroutines.intrinsics.UndispatchedKt.startUndispatchedOrReturnIgnoreTimeout(Undispatched.kt:50)
	at kotlinx.coroutines.TimeoutKt.setupTimeout(Timeout.kt:149)
	at kotlinx.coroutines.TimeoutKt.withTimeout(Timeout.kt:44)
	at kotlinx.coroutines.TimeoutKt.withTimeout-KLykuaI(Timeout.kt:72)
	at io.ktor.server.engine.EmbeddedServer$instantiateAndConfigureApplication$1.invokeSuspend(EmbeddedServerJvm.kt:384)
	at io.ktor.server.engine.EmbeddedServer$instantiateAndConfigureApplication$1.invoke(EmbeddedServerJvm.kt)
	at io.ktor.server.engine.EmbeddedServer$instantiateAndConfigureApplication$1.invoke(EmbeddedServerJvm.kt)
	at io.ktor.server.engine.EmbeddedServer$avoidingDoubleStartup$1.invokeSuspend(EmbeddedServerJvm.kt:450)
	at kotlin.coroutines.jvm.internal.BaseContinuationImpl.resumeWith(ContinuationImpl.kt:33)
	at kotlinx.coroutines.DispatchedTask.run(DispatchedTask.kt:100)
	at kotlinx.coroutines.EventLoopImplBase.processNextEvent(EventLoop.common.kt:263)
	at kotlinx.coroutines.BlockingCoroutine.joinBlocking(Builders.kt:94)
	at kotlinx.coroutines.BuildersKt__BuildersKt.runBlocking(Builders.kt:70)
	at kotlinx.coroutines.BuildersKt.runBlocking(Unknown Source)
	at kotlinx.coroutines.BuildersKt__BuildersKt.runBlocking$default(Builders.kt:48)
	at kotlinx.coroutines.BuildersKt.runBlocking$default(Unknown Source)
	at io.ktor.server.engine.EmbeddedServer.avoidingDoubleStartup(EmbeddedServerJvm.kt:449)
	at io.ktor.server.engine.EmbeddedServer.instantiateAndConfigureApplication(EmbeddedServerJvm.kt:383)
	at io.ktor.server.engine.EmbeddedServer.createApplication(EmbeddedServerJvm.kt:169)
	at io.ktor.server.engine.EmbeddedServer.start(EmbeddedServerJvm.kt:314)
	at io.ktor.server.engine.EmbeddedServer.start$default(EmbeddedServerJvm.kt:309)
	at com.varabyte.kobweb.server.ApplicationKt.main(Application.kt:138)
	at com.varabyte.kobweb.server.ApplicationKt$main$6.invoke(Application.kt)
	at com.varabyte.kobweb.server.ApplicationKt$main$6.invoke(Application.kt)
	at kotlin.coroutines.intrinsics.IntrinsicsKt__IntrinsicsJvmKt$createCoroutineUnintercepted$$inlined$createCoroutineFromSuspendFunction$IntrinsicsKt__IntrinsicsJvmKt$1.invokeSuspend(IntrinsicsJvm.kt:270)
	at kotlin.coroutines.jvm.internal.BaseContinuationImpl.resumeWith(ContinuationImpl.kt:33)
	at kotlin.coroutines.ContinuationKt.startCoroutine(Continuation.kt:115)
	at kotlin.coroutines.jvm.internal.RunSuspendKt.runSuspend(RunSuspend.kt:19)
	at com.varabyte.kobweb.server.ApplicationKt.main(Application.kt)
2025-09-04 19:49:36.999 [main] INFO  io.ktor.server.Application - Initializing server engine for Kobweb project "App"
2025-09-04 19:49:37.000 [main] WARN  io.ktor.server.Application - API jar specified but does not exist! Please fix conf.yaml, updating the path (or removing the value if you aren't declaring API endpoints). Invalid path: "build/libs/sample.jar"
2025-09-04 19:49:37.026 [main] INFO  io.ktor.server.Application - CORS: No hosts registered.
2025-09-04 19:49:37.035 [main] INFO  io.ktor.server.Application - Application started in 0.116 seconds.
2025-09-04 19:49:37.086 [main] INFO  io.ktor.server.Application - Responding at http://0.0.0.0:8080
2025-09-04 19:49:41.741 [DefaultDispatcher-worker-3] DEBUG io.ktor.server.Application - Served fallback index.html file in response to "/demo"
2025-09-04 19:49:42.207 [DefaultDispatcher-worker-1] DEBUG io.ktor.server.Application - Client connected and is requesting kobweb status events.
2025-09-04 19:50:43.854 [DefaultDispatcher-worker-1] DEBUG io.ktor.server.Application - Served fallback index.html file in response to "/demo"
2025-09-04 19:50:44.327 [DefaultDispatcher-worker-3] DEBUG io.ktor.server.Application - Client connected and is requesting kobweb status events.
2025-09-04 19:51:36.676 [DefaultDispatcher-worker-3] DEBUG io.ktor.server.Application - Stopped sending kobweb status events, probably because client disconnected or server is shutting down. (ClosedWriteChannelException: Cannot write to channel)
2025-09-04 19:51:41.256 [DefaultDispatcher-worker-1] DEBUG io.ktor.server.Application - Served fallback index.html file in response to "/demo"
2025-09-04 19:51:41.732 [DefaultDispatcher-worker-3] DEBUG io.ktor.server.Application - Client connected and is requesting kobweb status events.
2025-09-04 19:52:14.339 [DefaultDispatcher-worker-2] DEBUG io.ktor.server.Application - Stopped sending kobweb status events, probably because client disconnected or server is shutting down. (JobCancellationException: Parent job is Cancelling)
2025-09-04 19:52:14.342 [DefaultDispatcher-worker-2] DEBUG io.ktor.server.Application - 200 OK: GET - /api/kobweb-status. Exception class kotlinx.coroutines.JobCancellationException: Parent job is Cancelling
kotlinx.coroutines.JobCancellationException: Parent job is Cancelling
Caused by: io.ktor.utils.io.ClosedWriteChannelException: Cannot write to channel
	at io.ktor.utils.io.ByteChannel$writeBuffer$1.invoke(ByteChannel.kt:54)
	at io.ktor.utils.io.ByteChannel$writeBuffer$1.invoke(ByteChannel.kt:54)
	at io.ktor.utils.io.CloseToken.wrapCause(CloseToken.kt:21)
	at io.ktor.utils.io.CloseToken.throwOrNull(CloseToken.kt:26)
	at io.ktor.utils.io.ByteChannel.getWriteBuffer(ByteChannel.kt:54)
	at io.ktor.utils.io.ByteWriteChannelOperationsKt.writeStringUtf8(ByteWriteChannelOperations.kt:96)
	at io.ktor.server.sse.DefaultServerSSESession.writeSSE(DefaultServerSSESession.kt:34)
	at io.ktor.server.sse.DefaultServerSSESession.send(DefaultServerSSESession.kt:22)
	at io.ktor.server.sse.ServerSSESessionKt$heartbeat$2.invokeSuspend(ServerSSESession.kt:170)
	at kotlin.coroutines.jvm.internal.BaseContinuationImpl.resumeWith(ContinuationImpl.kt:33)
	at kotlinx.coroutines.DispatchedTask.run(DispatchedTask.kt:100)
	at kotlinx.coroutines.internal.LimitedDispatcher$Worker.run(LimitedDispatcher.kt:124)
	at kotlinx.coroutines.scheduling.TaskImpl.run(Tasks.kt:89)
	at kotlinx.coroutines.scheduling.CoroutineScheduler.runSafely(CoroutineScheduler.kt:586)
	at kotlinx.coroutines.scheduling.CoroutineScheduler$Worker.executeTask(CoroutineScheduler.kt:820)
	at kotlinx.coroutines.scheduling.CoroutineScheduler$Worker.runWorker(CoroutineScheduler.kt:717)
	at kotlinx.coroutines.scheduling.CoroutineScheduler$Worker.run(CoroutineScheduler.kt:704)
Caused by: io.ktor.util.cio.ChannelWriteException: Cannot write to channel
	at io.ktor.server.netty.cio.NettyHttpResponsePipeline.respondWithFailure(NettyHttpResponsePipeline.kt:100)
	at io.ktor.server.netty.cio.NettyHttpResponsePipeline.respondWithBodyAndTrailerMessage(NettyHttpResponsePipeline.kt:253)
	at io.ktor.server.netty.cio.NettyHttpResponsePipeline.access$respondWithBodyAndTrailerMessage(NettyHttpResponsePipeline.kt:24)
	at io.ktor.server.netty.cio.NettyHttpResponsePipeline$respondWithBodyAndTrailerMessage$1.invokeSuspend(NettyHttpResponsePipeline.kt)
	at kotlin.coroutines.jvm.internal.BaseContinuationImpl.resumeWith(ContinuationImpl.kt:33)
	at kotlinx.coroutines.DispatchedTask.run(DispatchedTask.kt:100)
	at io.netty.util.concurrent.AbstractEventExecutor.runTask(AbstractEventExecutor.java:148)
	at io.netty.util.concurrent.AbstractEventExecutor.safeExecute(AbstractEventExecutor.java:141)
	at io.netty.util.concurrent.SingleThreadEventExecutor.runAllTasks(SingleThreadEventExecutor.java:507)
	at io.netty.channel.SingleThreadIoEventLoop.run(SingleThreadIoEventLoop.java:182)
	at io.netty.util.concurrent.SingleThreadEventExecutor$5.run(SingleThreadEventExecutor.java:1073)
	at io.netty.util.internal.ThreadExecutorMap$2.run(ThreadExecutorMap.java:74)
	at io.netty.util.concurrent.FastThreadLocalRunnable.run(FastThreadLocalRunnable.java:30)
	at java.base/java.lang.Thread.run(Thread.java:1583)
Caused by: io.netty.channel.StacklessClosedChannelException: null
	at io.netty.channel.AbstractChannel$AbstractUnsafe.write(Object, ChannelPromise)(Unknown Source)
2025-09-04 19:56:13.087 [DefaultDispatcher-worker-2] DEBUG io.ktor.server.Application - Served fallback index.html file in response to "/demo"
2025-09-04 19:56:13.375 [DefaultDispatcher-worker-3] DEBUG io.ktor.server.Application - Client connected and is requesting kobweb status events.
2025-09-04 19:56:17.651 [DefaultDispatcher-worker-2] DEBUG io.ktor.server.Application - Served fallback index.html file in response to "/demo"
2025-09-04 19:56:17.735 [DefaultDispatcher-worker-2] DEBUG io.ktor.server.Application - Stopped sending kobweb status events, probably because client disconnected or server is shutting down. (ClosedWriteChannelException: Cannot write to channel)
2025-09-04 19:56:18.142 [DefaultDispatcher-worker-3] DEBUG io.ktor.server.Application - Client connected and is requesting kobweb status events.
2025-09-04 19:56:30.082 [DefaultDispatcher-worker-4] DEBUG io.ktor.server.Application - Stopped sending kobweb status events, probably because client disconnected or server is shutting down. (ClosedWriteChannelException: Cannot write to channel)
2025-09-04 19:56:30.281 [DefaultDispatcher-worker-3] DEBUG io.ktor.server.Application - Served fallback index.html file in response to "/demo"
2025-09-04 19:56:30.757 [DefaultDispatcher-worker-4] DEBUG io.ktor.server.Application - Client connected and is requesting kobweb status events.
2025-09-04 19:57:18.149 [DefaultDispatcher-worker-4] DEBUG io.ktor.server.Application - Stopped sending kobweb status events, probably because client disconnected or server is shutting down. (JobCancellationException: Parent job is Cancelling)
2025-09-04 19:57:18.149 [DefaultDispatcher-worker-4] DEBUG io.ktor.server.Application - 200 OK: GET - /api/kobweb-status. Exception class kotlinx.coroutines.JobCancellationException: Parent job is Cancelling
kotlinx.coroutines.JobCancellationException: Parent job is Cancelling
Caused by: io.ktor.utils.io.ClosedWriteChannelException: Cannot write to channel
	at io.ktor.utils.io.ByteChannel$writeBuffer$1.invoke(ByteChannel.kt:54)
	at io.ktor.utils.io.ByteChannel$writeBuffer$1.invoke(ByteChannel.kt:54)
	at io.ktor.utils.io.CloseToken.wrapCause(CloseToken.kt:21)
	at io.ktor.utils.io.CloseToken.throwOrNull(CloseToken.kt:26)
	at io.ktor.utils.io.ByteChannel.getWriteBuffer(ByteChannel.kt:54)
	at io.ktor.utils.io.ByteWriteChannelOperationsKt.writeStringUtf8(ByteWriteChannelOperations.kt:96)
	at io.ktor.server.sse.DefaultServerSSESession.writeSSE(DefaultServerSSESession.kt:34)
	at io.ktor.server.sse.DefaultServerSSESession.send(DefaultServerSSESession.kt:22)
	at io.ktor.server.sse.ServerSSESessionKt$heartbeat$2.invokeSuspend(ServerSSESession.kt:170)
	at kotlin.coroutines.jvm.internal.BaseContinuationImpl.resumeWith(ContinuationImpl.kt:33)
	at kotlinx.coroutines.DispatchedTask.run(DispatchedTask.kt:100)
	at kotlinx.coroutines.internal.LimitedDispatcher$Worker.run(LimitedDispatcher.kt:124)
	at kotlinx.coroutines.scheduling.TaskImpl.run(Tasks.kt:89)
	at kotlinx.coroutines.scheduling.CoroutineScheduler.runSafely(CoroutineScheduler.kt:586)
	at kotlinx.coroutines.scheduling.CoroutineScheduler$Worker.executeTask(CoroutineScheduler.kt:820)
	at kotlinx.coroutines.scheduling.CoroutineScheduler$Worker.runWorker(CoroutineScheduler.kt:717)
	at kotlinx.coroutines.scheduling.CoroutineScheduler$Worker.run(CoroutineScheduler.kt:704)
Caused by: io.ktor.util.cio.ChannelWriteException: Cannot write to channel
	at io.ktor.server.netty.cio.NettyHttpResponsePipeline.respondWithFailure(NettyHttpResponsePipeline.kt:100)
	at io.ktor.server.netty.cio.NettyHttpResponsePipeline.respondWithBodyAndTrailerMessage(NettyHttpResponsePipeline.kt:253)
	at io.ktor.server.netty.cio.NettyHttpResponsePipeline.access$respondWithBodyAndTrailerMessage(NettyHttpResponsePipeline.kt:24)
	at io.ktor.server.netty.cio.NettyHttpResponsePipeline$respondWithBodyAndTrailerMessage$1.invokeSuspend(NettyHttpResponsePipeline.kt)
	at kotlin.coroutines.jvm.internal.BaseContinuationImpl.resumeWith(ContinuationImpl.kt:33)
	at kotlinx.coroutines.DispatchedTask.run(DispatchedTask.kt:100)
	at io.netty.util.concurrent.AbstractEventExecutor.runTask(AbstractEventExecutor.java:148)
	at io.netty.util.concurrent.AbstractEventExecutor.safeExecute(AbstractEventExecutor.java:141)
	at io.netty.util.concurrent.SingleThreadEventExecutor.runAllTasks(SingleThreadEventExecutor.java:507)
	at io.netty.channel.SingleThreadIoEventLoop.run(SingleThreadIoEventLoop.java:182)
	at io.netty.util.concurrent.SingleThreadEventExecutor$5.run(SingleThreadEventExecutor.java:1073)
	at io.netty.util.internal.ThreadExecutorMap$2.run(ThreadExecutorMap.java:74)
	at io.netty.util.concurrent.FastThreadLocalRunnable.run(FastThreadLocalRunnable.java:30)
	at java.base/java.lang.Thread.run(Thread.java:1583)
Caused by: io.netty.channel.StacklessClosedChannelException: null
	at io.netty.channel.AbstractChannel$AbstractUnsafe.write(Object, ChannelPromise)(Unknown Source)
2025-09-04 19:59:36.664 [DefaultDispatcher-worker-3] DEBUG io.ktor.server.Application - Served fallback index.html file in response to "/demo"
2025-09-04 19:59:37.117 [DefaultDispatcher-worker-4] DEBUG io.ktor.server.Application - Client connected and is requesting kobweb status events.
2025-09-04 20:00:20.054 [DefaultDispatcher-worker-3] DEBUG io.ktor.server.Application - Served fallback index.html file in response to "/demo"
2025-09-04 20:00:20.340 [DefaultDispatcher-worker-3] DEBUG io.ktor.server.Application - Client connected and is requesting kobweb status events.
2025-09-04 20:00:20.837 [DefaultDispatcher-worker-5] DEBUG io.ktor.server.Application - Stopped sending kobweb status events, probably because client disconnected or server is shutting down. (ClosedWriteChannelException: Cannot write to channel)
2025-09-04 20:00:21.748 [DefaultDispatcher-worker-3] DEBUG io.ktor.server.Application - Stopped sending kobweb status events, probably because client disconnected or server is shutting down. (ClosedWriteChannelException: Cannot write to channel)
2025-09-04 20:03:10.418 [DefaultDispatcher-worker-5] DEBUG io.ktor.server.Application - Served fallback index.html file in response to "/demo"
2025-09-04 20:03:10.903 [DefaultDispatcher-worker-3] DEBUG io.ktor.server.Application - Client connected and is requesting kobweb status events.
2025-09-04 20:03:50.368 [DefaultDispatcher-worker-5] DEBUG io.ktor.server.Application - Stopped sending kobweb status events, probably because client disconnected or server is shutting down. (JobCancellationException: Parent job is Cancelling)
2025-09-04 20:03:50.370 [DefaultDispatcher-worker-5] DEBUG io.ktor.server.Application - 200 OK: GET - /api/kobweb-status. Exception class kotlinx.coroutines.JobCancellationException: Parent job is Cancelling
kotlinx.coroutines.JobCancellationException: Parent job is Cancelling
Caused by: io.ktor.utils.io.ClosedWriteChannelException: Cannot write to channel
	at io.ktor.utils.io.ByteChannel$writeBuffer$1.invoke(ByteChannel.kt:54)
	at io.ktor.utils.io.ByteChannel$writeBuffer$1.invoke(ByteChannel.kt:54)
	at io.ktor.utils.io.CloseToken.wrapCause(CloseToken.kt:21)
	at io.ktor.utils.io.CloseToken.throwOrNull(CloseToken.kt:26)
	at io.ktor.utils.io.ByteChannel.getWriteBuffer(ByteChannel.kt:54)
	at io.ktor.utils.io.ByteWriteChannelOperationsKt.writeStringUtf8(ByteWriteChannelOperations.kt:96)
	at io.ktor.server.sse.DefaultServerSSESession.writeSSE(DefaultServerSSESession.kt:34)
	at io.ktor.server.sse.DefaultServerSSESession.send(DefaultServerSSESession.kt:22)
	at io.ktor.server.sse.ServerSSESessionKt$heartbeat$2.invokeSuspend(ServerSSESession.kt:170)
	at kotlin.coroutines.jvm.internal.BaseContinuationImpl.resumeWith(ContinuationImpl.kt:33)
	at kotlinx.coroutines.DispatchedTask.run(DispatchedTask.kt:100)
	at kotlinx.coroutines.internal.LimitedDispatcher$Worker.run(LimitedDispatcher.kt:124)
	at kotlinx.coroutines.scheduling.TaskImpl.run(Tasks.kt:89)
	at kotlinx.coroutines.scheduling.CoroutineScheduler.runSafely(CoroutineScheduler.kt:586)
	at kotlinx.coroutines.scheduling.CoroutineScheduler$Worker.executeTask(CoroutineScheduler.kt:820)
	at kotlinx.coroutines.scheduling.CoroutineScheduler$Worker.runWorker(CoroutineScheduler.kt:717)
	at kotlinx.coroutines.scheduling.CoroutineScheduler$Worker.run(CoroutineScheduler.kt:704)
Caused by: io.ktor.util.cio.ChannelWriteException: Cannot write to channel
	at io.ktor.server.netty.cio.NettyHttpResponsePipeline.respondWithFailure(NettyHttpResponsePipeline.kt:100)
	at io.ktor.server.netty.cio.NettyHttpResponsePipeline.respondWithBodyAndTrailerMessage(NettyHttpResponsePipeline.kt:253)
	at io.ktor.server.netty.cio.NettyHttpResponsePipeline.access$respondWithBodyAndTrailerMessage(NettyHttpResponsePipeline.kt:24)
	at io.ktor.server.netty.cio.NettyHttpResponsePipeline$respondWithBodyAndTrailerMessage$1.invokeSuspend(NettyHttpResponsePipeline.kt)
	at kotlin.coroutines.jvm.internal.BaseContinuationImpl.resumeWith(ContinuationImpl.kt:33)
	at kotlinx.coroutines.DispatchedTask.run(DispatchedTask.kt:100)
	at io.netty.util.concurrent.AbstractEventExecutor.runTask(AbstractEventExecutor.java:148)
	at io.netty.util.concurrent.AbstractEventExecutor.safeExecute(AbstractEventExecutor.java:141)
	at io.netty.util.concurrent.SingleThreadEventExecutor.runAllTasks(SingleThreadEventExecutor.java:507)
	at io.netty.channel.SingleThreadIoEventLoop.run(SingleThreadIoEventLoop.java:182)
	at io.netty.util.concurrent.SingleThreadEventExecutor$5.run(SingleThreadEventExecutor.java:1073)
	at io.netty.util.internal.ThreadExecutorMap$2.run(ThreadExecutorMap.java:74)
	at io.netty.util.concurrent.FastThreadLocalRunnable.run(FastThreadLocalRunnable.java:30)
	at java.base/java.lang.Thread.run(Thread.java:1583)
Caused by: io.netty.channel.StacklessClosedChannelException: null
	at io.netty.channel.AbstractChannel$AbstractUnsafe.write(Object, ChannelPromise)(Unknown Source)
2025-09-04 20:17:11.374 [DefaultDispatcher-worker-1] DEBUG io.ktor.server.Application - Stopped sending kobweb status events, probably because client disconnected or server is shutting down. (JobCancellationException: Parent job is Cancelling)
2025-09-04 20:17:11.377 [DefaultDispatcher-worker-1] DEBUG io.ktor.server.Application - 200 OK: GET - /api/kobweb-status. Exception class kotlinx.coroutines.JobCancellationException: Parent job is Cancelling
kotlinx.coroutines.JobCancellationException: Parent job is Cancelling
Caused by: io.ktor.utils.io.ClosedWriteChannelException: Cannot write to channel
	at io.ktor.utils.io.ByteChannel$writeBuffer$1.invoke(ByteChannel.kt:54)
	at io.ktor.utils.io.ByteChannel$writeBuffer$1.invoke(ByteChannel.kt:54)
	at io.ktor.utils.io.CloseToken.wrapCause(CloseToken.kt:21)
	at io.ktor.utils.io.CloseToken.throwOrNull(CloseToken.kt:26)
	at io.ktor.utils.io.ByteChannel.getWriteBuffer(ByteChannel.kt:54)
	at io.ktor.utils.io.ByteWriteChannelOperationsKt.writeStringUtf8(ByteWriteChannelOperations.kt:96)
	at io.ktor.server.sse.DefaultServerSSESession.writeSSE(DefaultServerSSESession.kt:34)
	at io.ktor.server.sse.DefaultServerSSESession.send(DefaultServerSSESession.kt:22)
	at io.ktor.server.sse.ServerSSESessionKt$heartbeat$2.invokeSuspend(ServerSSESession.kt:170)
	at kotlin.coroutines.jvm.internal.BaseContinuationImpl.resumeWith(ContinuationImpl.kt:33)
	at kotlinx.coroutines.DispatchedTask.run(DispatchedTask.kt:100)
	at kotlinx.coroutines.internal.LimitedDispatcher$Worker.run(LimitedDispatcher.kt:124)
	at kotlinx.coroutines.scheduling.TaskImpl.run(Tasks.kt:89)
	at kotlinx.coroutines.scheduling.CoroutineScheduler.runSafely(CoroutineScheduler.kt:586)
	at kotlinx.coroutines.scheduling.CoroutineScheduler$Worker.executeTask(CoroutineScheduler.kt:820)
	at kotlinx.coroutines.scheduling.CoroutineScheduler$Worker.runWorker(CoroutineScheduler.kt:717)
	at kotlinx.coroutines.scheduling.CoroutineScheduler$Worker.run(CoroutineScheduler.kt:704)
Caused by: io.ktor.util.cio.ChannelWriteException: Cannot write to channel
	at io.ktor.server.netty.cio.NettyHttpResponsePipeline.respondWithFailure(NettyHttpResponsePipeline.kt:100)
	at io.ktor.server.netty.cio.NettyHttpResponsePipeline.respondWithBodyAndTrailerMessage(NettyHttpResponsePipeline.kt:253)
	at io.ktor.server.netty.cio.NettyHttpResponsePipeline.access$respondWithBodyAndTrailerMessage(NettyHttpResponsePipeline.kt:24)
	at io.ktor.server.netty.cio.NettyHttpResponsePipeline$respondWithBodyAndTrailerMessage$1.invokeSuspend(NettyHttpResponsePipeline.kt)
	at kotlin.coroutines.jvm.internal.BaseContinuationImpl.resumeWith(ContinuationImpl.kt:33)
	at kotlinx.coroutines.DispatchedTask.run(DispatchedTask.kt:100)
	at io.netty.util.concurrent.AbstractEventExecutor.runTask(AbstractEventExecutor.java:148)
	at io.netty.util.concurrent.AbstractEventExecutor.safeExecute(AbstractEventExecutor.java:141)
	at io.netty.util.concurrent.SingleThreadEventExecutor.runAllTasks(SingleThreadEventExecutor.java:507)
	at io.netty.channel.SingleThreadIoEventLoop.run(SingleThreadIoEventLoop.java:182)
	at io.netty.util.concurrent.SingleThreadEventExecutor$5.run(SingleThreadEventExecutor.java:1073)
	at io.netty.util.internal.ThreadExecutorMap$2.run(ThreadExecutorMap.java:74)
	at io.netty.util.concurrent.FastThreadLocalRunnable.run(FastThreadLocalRunnable.java:30)
	at java.base/java.lang.Thread.run(Thread.java:1583)
Caused by: io.netty.channel.StacklessClosedChannelException: null
	at io.netty.channel.AbstractChannel$AbstractUnsafe.write(Object, ChannelPromise)(Unknown Source)
2025-09-04 20:42:13.711 [DefaultDispatcher-worker-5] DEBUG io.ktor.server.Application - Served fallback index.html file in response to "/demo"
2025-09-04 20:42:14.181 [DefaultDispatcher-worker-1] DEBUG io.ktor.server.Application - Client connected and is requesting kobweb status events.
